Performing C SOURCE FILE Test CMAKE_HAVE_LIBC_PTHREAD failed with the following output:
Change Dir: /home/pi/RPiDev_VR/src/CMakeFiles/CMakeTmp

Run Build Command(s):/usr/bin/make cmTC_1ef91/fast && /usr/bin/make  -f CMakeFiles/cmTC_1ef91.dir/build.make CMakeFiles/cmTC_1ef91.dir/build
make[1]: Entering directory '/home/pi/RPiDev_VR/src/CMakeFiles/CMakeTmp'
Building C object CMakeFiles/cmTC_1ef91.dir/src.c.o
/usr/bin/cc   -DCMAKE_HAVE_LIBC_PTHREAD -o CMakeFiles/cmTC_1ef91.dir/src.c.o -c /home/pi/RPiDev_VR/src/CMakeFiles/CMakeTmp/src.c
Linking C executable cmTC_1ef91
/usr/local/bin/cmake -E cmake_link_script CMakeFiles/cmTC_1ef91.dir/link.txt --verbose=1
/usr/bin/cc  -DCMAKE_HAVE_LIBC_PTHREAD -rdynamic CMakeFiles/cmTC_1ef91.dir/src.c.o -o cmTC_1ef91 
CMakeFiles/cmTC_1ef91.dir/src.c.o: In function `main':
src.c:(.text+0x40): undefined reference to `pthread_create'
src.c:(.text+0x4c): undefined reference to `pthread_detach'
src.c:(.text+0x58): undefined reference to `pthread_cancel'
src.c:(.text+0x68): undefined reference to `pthread_join'
src.c:(.text+0x78): undefined reference to `pthread_atfork'
collect2: error: ld returned 1 exit status
CMakeFiles/cmTC_1ef91.dir/build.make:106: recipe for target 'cmTC_1ef91' failed
make[1]: *** [cmTC_1ef91] Error 1
make[1]: Leaving directory '/home/pi/RPiDev_VR/src/CMakeFiles/CMakeTmp'
Makefile:141: recipe for target 'cmTC_1ef91/fast' failed
make: *** [cmTC_1ef91/fast] Error 2


Source file was:
#include <pthread.h>

void* test_func(void* data)
{
  return data;
}

int main(void)
{
  pthread_t thread;
  pthread_create(&thread, NULL, test_func, NULL);
  pthread_detach(thread);
  pthread_cancel(thread);
  pthread_join(thread, NULL);
  pthread_atfork(NULL, NULL, NULL);
  pthread_exit(NULL);

  return 0;
}

Determining if the function pthread_create exists in the pthreads failed with the following output:
Change Dir: /home/pi/RPiDev_VR/src/CMakeFiles/CMakeTmp

Run Build Command(s):/usr/bin/make cmTC_06a6d/fast && /usr/bin/make  -f CMakeFiles/cmTC_06a6d.dir/build.make CMakeFiles/cmTC_06a6d.dir/build
make[1]: Entering directory '/home/pi/RPiDev_VR/src/CMakeFiles/CMakeTmp'
Building C object CMakeFiles/cmTC_06a6d.dir/CheckFunctionExists.c.o
/usr/bin/cc   -DCHECK_FUNCTION_EXISTS=pthread_create -o CMakeFiles/cmTC_06a6d.dir/CheckFunctionExists.c.o -c /usr/local/share/cmake-3.18/Modules/CheckFunctionExists.c
Linking C executable cmTC_06a6d
/usr/local/bin/cmake -E cmake_link_script CMakeFiles/cmTC_06a6d.dir/link.txt --verbose=1
/usr/bin/cc  -DCHECK_FUNCTION_EXISTS=pthread_create -rdynamic CMakeFiles/cmTC_06a6d.dir/CheckFunctionExists.c.o -o cmTC_06a6d  -lpthreads 
/usr/bin/ld: cannot find -lpthreads
collect2: error: ld returned 1 exit status
CMakeFiles/cmTC_06a6d.dir/build.make:106: recipe for target 'cmTC_06a6d' failed
make[1]: *** [cmTC_06a6d] Error 1
make[1]: Leaving directory '/home/pi/RPiDev_VR/src/CMakeFiles/CMakeTmp'
Makefile:141: recipe for target 'cmTC_06a6d/fast' failed
make: *** [cmTC_06a6d/fast] Error 2



